# JRE version: OpenJDK Runtime Environment Temurin-21.0.3+9 (21.0.3+9) (build 21.0.3+9-LTS)
# Java VM: OpenJDK 64-Bit Server VM Temurin-21.0.3+9 (21.0.3+9-LTS, mixed mode, sharing, tiered, compressed oops, compressed class ptrs, g1 gc, windows-amd64)
GC Precious Log:
 CardTable entry size: 512
 Card Set container configuration: InlinePtr #cards 5 size 8 Array Of Cards #cards 12 size 40 Howl #buckets 4 coarsen threshold 1843 Howl Bitmap #cards 512 size 80 coarsen threshold 460 Card regions per heap region 1 cards per card region 2048
 CPUs: 4 total, 4 available
 Memory: 8030M
 Large Page Support: Disabled
 NUMA Support: Disabled
 Compressed Oops: Enabled (32-bit)
 Heap Region Size: 1M
 Heap Min Capacity: 8M
 Heap Initial Capacity: 126M
 Heap Max Capacity: 2G
 Pre-touch: Disabled
 Parallel Workers: 4
 Concurrent Workers: 1
 Concurrent Refinement Workers: 4
 Periodic GC: Disabled
Heap:
 garbage-first heap   total 311296K, used 189118K [0x0000000080000000, 0x0000000100000000)
  region size 1024K, 14 young (14336K), 2 survivors (2048K)
 Metaspace       used 104684K, committed 107392K, reserved 557056K
  class space    used 14831K, committed 16192K, reserved 425984K
GC Heap History (20 events):
Event: 113.584 GC heap before
{Heap before GC invocations=41 (full 0):
 garbage-first heap   total 196608K, used 168320K [0x0000000080000000, 0x0000000100000000)
  region size 1024K, 59 young (60416K), 2 survivors (2048K)
 Metaspace       used 96614K, committed 99008K, reserved 557056K
  class space    used 13810K, committed 15040K, reserved 425984K
}
Event: 113.594 GC heap after
{Heap after GC invocations=42 (full 0):
 garbage-first heap   total 196608K, used 112433K [0x0000000080000000, 0x0000000100000000)
  region size 1024K, 5 young (5120K), 5 survivors (5120K)
 Metaspace       used 96614K, committed 99008K, reserved 557056K
  class space    used 13810K, committed 15040K, reserved 425984K
}
Event: 117.773 GC heap before
{Heap before GC invocations=43 (full 0):
 garbage-first heap   total 196608K, used 169777K [0x0000000080000000, 0x0000000100000000)
  region size 1024K, 63 young (64512K), 5 survivors (5120K)
 Metaspace       used 98802K, committed 101312K, reserved 557056K
  class space    used 14166K, committed 15424K, reserved 425984K
}
Event: 117.798 GC heap after
{Heap after GC invocations=44 (full 0):
 garbage-first heap   total 196608K, used 115657K [0x0000000080000000, 0x0000000100000000)
  region size 1024K, 8 young (8192K), 8 survivors (8192K)
 Metaspace       used 98802K, committed 101312K, reserved 557056K
  class space    used 14166K, committed 15424K, reserved 425984K
}
Event: 121.343 GC heap before
{Heap before GC invocations=44 (full 0):
 garbage-first heap   total 196608K, used 173001K [0x0000000080000000, 0x0000000100000000)
  region size 1024K, 65 young (66560K), 8 survivors (8192K)
 Metaspace       used 99526K, committed 102080K, reserved 557056K
  class space    used 14211K, committed 15488K, reserved 425984K
}
Event: 121.379 GC heap after
{Heap after GC invocations=45 (full 0):
 garbage-first heap   total 196608K, used 122669K [0x0000000080000000, 0x0000000100000000)
  region size 1024K, 9 young (9216K), 9 survivors (9216K)
 Metaspace       used 99526K, committed 102080K, reserved 557056K
  class space    used 14211K, committed 15488K, reserved 425984K
}
Event: 121.459 GC heap before
{Heap before GC invocations=45 (full 0):
 garbage-first heap   total 196608K, used 124717K [0x0000000080000000, 0x0000000100000000)
  region size 1024K, 12 young (12288K), 9 survivors (9216K)
 Metaspace       used 99541K, committed 102144K, reserved 557056K
  class space    used 14213K, committed 15488K, reserved 425984K
}
Event: 121.478 GC heap after
{Heap after GC invocations=46 (full 0):
 garbage-first heap   total 196608K, used 123647K [0x0000000080000000, 0x0000000100000000)
  region size 1024K, 2 young (2048K), 2 survivors (2048K)
 Metaspace       used 99541K, committed 102144K, reserved 557056K
  class space    used 14213K, committed 15488K, reserved 425984K
}
Event: 124.790 GC heap before
{Heap before GC invocations=47 (full 0):
 garbage-first heap   total 229376K, used 176895K [0x0000000080000000, 0x0000000100000000)
  region size 1024K, 51 young (52224K), 2 survivors (2048K)
 Metaspace       used 100407K, committed 103040K, reserved 557056K
  class space    used 14325K, committed 15616K, reserved 425984K
}
Event: 124.804 GC heap after
{Heap after GC invocations=48 (full 0):
 garbage-first heap   total 229376K, used 138240K [0x0000000080000000, 0x0000000100000000)
  region size 1024K, 7 young (7168K), 7 survivors (7168K)
 Metaspace       used 100407K, committed 103040K, reserved 557056K
  class space    used 14325K, committed 15616K, reserved 425984K
}
Event: 127.145 GC heap before
{Heap before GC invocations=48 (full 0):
 garbage-first heap   total 229376K, used 199680K [0x0000000080000000, 0x0000000100000000)
  region size 1024K, 64 young (65536K), 7 survivors (7168K)
 Metaspace       used 100751K, committed 103360K, reserved 557056K
  class space    used 14362K, committed 15680K, reserved 425984K
}
Event: 127.174 GC heap after
{Heap after GC invocations=49 (full 0):
 garbage-first heap   total 229376K, used 151552K [0x0000000080000000, 0x0000000100000000)
  region size 1024K, 8 young (8192K), 8 survivors (8192K)
 Metaspace       used 100751K, committed 103360K, reserved 557056K
  class space    used 14362K, committed 15680K, reserved 425984K
}
Event: 128.364 GC heap before
{Heap before GC invocations=49 (full 0):
 garbage-first heap   total 229376K, used 189440K [0x0000000080000000, 0x0000000100000000)
  region size 1024K, 47 young (48128K), 8 survivors (8192K)
 Metaspace       used 100995K, committed 103616K, reserved 557056K
  class space    used 14382K, committed 15680K, reserved 425984K
}
Event: 128.382 GC heap after
{Heap after GC invocations=50 (full 0):
 garbage-first heap   total 229376K, used 158594K [0x0000000080000000, 0x0000000100000000)
  region size 1024K, 7 young (7168K), 7 survivors (7168K)
 Metaspace       used 100995K, committed 103616K, reserved 557056K
  class space    used 14382K, committed 15680K, reserved 425984K
}
Event: 130.729 GC heap before
{Heap before GC invocations=51 (full 0):
 garbage-first heap   total 286720K, used 205698K [0x0000000080000000, 0x0000000100000000)
  region size 1024K, 53 young (54272K), 7 survivors (7168K)
 Metaspace       used 102595K, committed 105280K, reserved 557056K
  class space    used 14555K, committed 15872K, reserved 425984K
}
Event: 130.751 GC heap after
{Heap after GC invocations=52 (full 0):
 garbage-first heap   total 286720K, used 165764K [0x0000000080000000, 0x0000000100000000)
  region size 1024K, 6 young (6144K), 6 survivors (6144K)
 Metaspace       used 102595K, committed 105280K, reserved 557056K
  class space    used 14555K, committed 15872K, reserved 425984K
}
Event: 134.763 GC heap before
{Heap before GC invocations=52 (full 0):
 garbage-first heap   total 286720K, used 242564K [0x0000000080000000, 0x0000000100000000)
  region size 1024K, 80 young (81920K), 6 survivors (6144K)
 Metaspace       used 103788K, committed 106432K, reserved 557056K
  class space    used 14708K, committed 16000K, reserved 425984K
}
Event: 134.793 GC heap after
{Heap after GC invocations=53 (full 0):
 garbage-first heap   total 286720K, used 174843K [0x0000000080000000, 0x0000000100000000)
  region size 1024K, 10 young (10240K), 10 survivors (10240K)
 Metaspace       used 103788K, committed 106432K, reserved 557056K
  class space    used 14708K, committed 16000K, reserved 425984K
}
Event: 135.676 GC heap before
{Heap before GC invocations=53 (full 0):
 garbage-first heap   total 286720K, used 187131K [0x0000000080000000, 0x0000000100000000)
  region size 1024K, 23 young (23552K), 10 survivors (10240K)
 Metaspace       used 104205K, committed 106816K, reserved 557056K
  class space    used 14762K, committed 16064K, reserved 425984K
}
Event: 135.696 GC heap after
{Heap after GC invocations=54 (full 0):
 garbage-first heap   total 286720K, used 176830K [0x0000000080000000, 0x0000000100000000)
  region size 1024K, 2 young (2048K), 2 survivors (2048K)
 Metaspace       used 104205K, committed 106816K, reserved 557056K
  class space    used 14762K, committed 16064K, reserved 425984K
}

